d:\repos\minigamesgl\minigamesgl\x64\debug\vc143.pdb
d:\repos\minigamesgl\minigamesgl\x64\debug\vc143.idb
d:\repos\minigamesgl\minigamesgl\x64\debug\glad.obj
d:\repos\minigamesgl\minigamesgl\x64\debug\minigamesgl.obj
d:\repos\minigamesgl\minigamesgl\x64\debug\actor.obj
d:\repos\minigamesgl\minigamesgl\x64\debug\monstergame.obj
d:\repos\minigamesgl\minigamesgl\x64\debug\glgame.obj
d:\repos\minigamesgl\minigamesgl\x64\debug\game.obj
d:\repos\minigamesgl\minigamesgl\x64\debug\scenemanager.obj
d:\repos\minigamesgl\minigamesgl\x64\debug\gameobject.obj
d:\repos\minigamesgl\minigamesgl\x64\debug\resourcemanager.obj
d:\repos\minigamesgl\x64\debug\minigamesgl.exe
d:\repos\minigamesgl\x64\debug\minigamesgl.pdb
d:\repos\minigamesgl\minigamesgl\x64\debug\minigamesgl.ilk
d:\repos\minigamesgl\minigamesgl\x64\debug\lvector.obj
d:\repos\minigamesgl\minigamesgl\x64\debug\minigamesgl.tlog\cl.command.1.tlog
d:\repos\minigamesgl\minigamesgl\x64\debug\minigamesgl.tlog\cl.items.tlog
d:\repos\minigamesgl\minigamesgl\x64\debug\minigamesgl.tlog\cl.read.1.tlog
d:\repos\minigamesgl\minigamesgl\x64\debug\minigamesgl.tlog\cl.write.1.tlog
d:\repos\minigamesgl\minigamesgl\x64\debug\minigamesgl.tlog\link.command.1.tlog
d:\repos\minigamesgl\minigamesgl\x64\debug\minigamesgl.tlog\link.read.1.tlog
d:\repos\minigamesgl\minigamesgl\x64\debug\minigamesgl.tlog\link.secondary.1.tlog
d:\repos\minigamesgl\minigamesgl\x64\debug\minigamesgl.tlog\link.write.1.tlog
